{"message":"upload file request received"}
{"message":"upload file request received"}
{"message":"Get files request received"}
{"message":"Map routes"}
{"message":"Starting server"}
{"message":"Get files request received"}
{"message":"Map routes"}
{"message":"Starting server"}
{"message":"Get files request received"}
{"message":"Map routes"}
{"message":"Starting server"}
{"message":"Get files request received"}
{"message":"Map routes"}
{"message":"Starting server"}
{"message":"upload file request received"}
{"message":"Get files request received"}
{"message":"Get files request received"}
{"message":"Get files request received"}
{"message":"Get files request received"}
{"message":"Get files request received"}
{"message":"Get files request received"}
{"message":"Get file by id request received"}
{"message":"Map routes"}
{"message":"Starting server"}
{"message":"Get files request received"}
{"message":"Get file by id request received"}
{"message":"Map routes"}
{"message":"Starting server"}
{"message":"Get file by id request received"}
{"message":"Map routes"}
{"message":"Starting server"}
{"message":"Get files request received"}
{"message":"Get file by id request received"}
{"message":"Map routes"}
{"message":"Starting server"}
{"message":"Get file by id request received"}
{"message":"Map routes"}
{"message":"Starting server"}
{"message":"Get file by id request received"}
{"message":"Map routes"}
{"message":"Starting server"}
{"message":"Get file by id request received"}
{"message":"Map routes"}
{"message":"Starting server"}
{"message":"Get file by id request received"}
{"message":"Map routes"}
{"message":"Starting server"}
{"message":"Get file by id request received"}
{"message":"Map routes"}
{"message":"Starting server"}
{"message":"Get file by id request received"}
{"message":"Map routes"}
{"message":"Starting server"}
{"message":"Get file by id request received"}
{"message":"Map routes"}
{"message":"Starting server"}
{"message":"Get file by id request received"}
{"message":"Map routes"}
{"message":"Starting server"}
{"message":"Get file by id request received"}
{"message":"Map routes"}
{"message":"Starting server"}
{"message":"Get file by id request received"}
{"message":"Map routes"}
{"message":"Starting server"}
{"message":"Get file by id request received"}
{"message":"Map routes"}
{"message":"Starting server"}
{"message":"Get files request received"}
{"message":"Get files request received"}
{"message":"Get files request received"}
{"message":"Get files request received"}
{"message":"Get files request received"}
{"message":"Get files request received"}
{"message":"Map routes"}
{"message":"Starting server"}
{"message":"Get files request received"}
{"message":"Get file by id request received"}
{"message":"Map routes"}
{"message":"Starting server"}
{"message":"Get file by id request received"}
